000 (008.000.000) 03/03 16:31:31 Job submitted from host: <128.104.189.129:48430?addrs=128.104.189.129-48430>
...
001 (008.000.000) 03/03 16:31:41 Job executing on host: <128.104.190.58:63991?addrs=128.104.190.58-63991>
...
006 (008.000.000) 03/03 16:31:50 Image size of job updated: 1
	4  -  MemoryUsage of job (MB)
	3672  -  ResidentSetSize of job (KB)
...
005 (008.000.000) 03/03 16:31:53 Job terminated.
	(1) Normal termination (return value 0)
		Usr 0 00:00:00, Sys 0 00:00:00  -  Run Remote Usage
		Usr 0 00:00:00, Sys 0 00:00:00  -  Run Local Usage
		Usr 0 00:00:00, Sys 0 00:00:00  -  Total Remote Usage
		Usr 0 00:00:00, Sys 0 00:00:00  -  Total Local Usage
	0  -  Run Bytes Sent By Job
	0  -  Run Bytes Received By Job
	0  -  Total Bytes Sent By Job
	0  -  Total Bytes Received By Job
	Partitionable Resources :    Usage  Request Allocated
	   Cpus                 :                 1         1
	   Disk (KB)            :        1        1 111023698
	   Memory (MB)          :        4        1      2002
...
000 (009.000.000) 03/03 18:21:45 Job submitted from host: <128.104.189.129:48430?addrs=128.104.189.129-48430>
...
001 (009.000.000) 03/03 18:22:42 Job executing on host: <128.104.190.58:63991?addrs=128.104.190.58-63991>
...
006 (009.000.000) 03/03 18:22:51 Image size of job updated: 1
	4  -  MemoryUsage of job (MB)
	3768  -  ResidentSetSize of job (KB)
...
006 (009.000.000) 03/03 18:22:58 Image size of job updated: 9812
	4  -  MemoryUsage of job (MB)
	3768  -  ResidentSetSize of job (KB)
...
005 (009.000.000) 03/03 18:22:58 Job terminated.
	(1) Normal termination (return value 0)
		Usr 0 00:00:00, Sys 0 00:00:00  -  Run Remote Usage
		Usr 0 00:00:00, Sys 0 00:00:00  -  Run Local Usage
		Usr 0 00:00:00, Sys 0 00:00:00  -  Total Remote Usage
		Usr 0 00:00:00, Sys 0 00:00:00  -  Total Local Usage
	0  -  Run Bytes Sent By Job
	0  -  Run Bytes Received By Job
	0  -  Total Bytes Sent By Job
	0  -  Total Bytes Received By Job
	Partitionable Resources :    Usage  Request Allocated
	   Cpus                 :                 1         1
	   Disk (KB)            :        1        1 111023653
	   Memory (MB)          :        4        1      2002
...
000 (010.000.000) 03/05 10:55:24 Job submitted from host: <128.104.189.129:48430?addrs=128.104.189.129-48430>
...
001 (010.000.000) 03/05 10:55:37 Job executing on host: <128.104.190.58:63991?addrs=128.104.190.58-63991>
...
006 (010.000.000) 03/05 10:55:45 Image size of job updated: 1
	4  -  MemoryUsage of job (MB)
	3688  -  ResidentSetSize of job (KB)
...
005 (010.000.000) 03/05 10:55:45 Job terminated.
	(1) Normal termination (return value 0)
		Usr 0 00:00:00, Sys 0 00:00:00  -  Run Remote Usage
		Usr 0 00:00:00, Sys 0 00:00:00  -  Run Local Usage
		Usr 0 00:00:00, Sys 0 00:00:00  -  Total Remote Usage
		Usr 0 00:00:00, Sys 0 00:00:00  -  Total Local Usage
	0  -  Run Bytes Sent By Job
	0  -  Run Bytes Received By Job
	0  -  Total Bytes Sent By Job
	0  -  Total Bytes Received By Job
	Partitionable Resources :    Usage  Request Allocated
	   Cpus                 :                 1         1
	   Disk (KB)            :        1        1 111024612
	   Memory (MB)          :        4        1      2002
...
